Galaxy SIII|三星|68493
Galaxy Note II|三星|53620
Desire VT|HTC|36825
Galaxy SII|三星|36779
One|索尼爱立信|29834
Galaxy Note|三星|25649
GALAXY S4|三星|24940
Galaxy S|三星|21691
G7|HTC|14885
I9508|三星|10926
GALAXY Note 3|三星|10504
Xperia Z|索尼|9406
i9100G|三星|7644
Galaxy Ace|三星|6860
A820|联想|6847
H701|七喜|6732
Optimus LTE 2|LG|5540
LT26i|索尼|5406
Galaxy Tab P3110|三星|5399
E120S|三星|5307
Optimus G|LG|5265
N900|酷派|5167
Incredible|HTC|5066
Galaxy SII HD LTE|三星|5005
G520|UT斯达康|4762
Butterfly|HTC|4620
Find 5|OPPO|4349
Galaxy Note 10.1|三星|4296
E110S|三星|4054
Galaxy S Hoppin|三星|3915
G18|HTC|3728
A770K|泛泰|3725
G14|HTC|3705
G610|LG|3574
G17|HTC|3389
C8813|华为|3295
Galaxy S Advance|三星|3233
I9082|三星|3083
Galaxy SL|三星|2879
LT22i|索尼|2825
U930|中兴|2671
S7562|三星|2546
LT29i|索尼|2534
C8812|华为|2528
Galaxy Gio|三星|2510
S7568|三星|2482
LT18i|索尼爱立信|2402
U9508|华为|2344
LT26ii|索尼|2338
Optimus LTE|LG|2297
U807|中兴|2290
Optimus LTE Tag|LG|2227
ME525|摩托罗拉|2202
G700|索尼爱立信|2193
Optimus Vu|LG|2174
T8951|华为|2159
G21|HTC|2082
I8262|三星|2064
X1St|OPPO|2061
Galaxy Ace 2|三星|2060
GALAXY Premier|三星|2050
X7|索尼爱立信|1988
S7572|三星|1986
i9103|三星|1974
Galaxy Ace Plus|三星|1943
A789|联想|1908
G13|HTC|1908
U950|海信|1898
D802|多普达|1840
K860i|联想|1828
K1|纽曼|1826
Padfone|华硕|1812
R815T|OPPO|1797
Captivate|三星|1791
Ascend G710|华为|1782
Galaxy W|三星|1775
Galaxy S Plus|三星|1741
Galaxy M|三星|1727
I9200|三星|1703
Galaxy Trend II|三星|1694
I699|三星|1671
A630t|联想|1663
5890|酷派|1662
U956|中兴|1656
S801|七喜|1639
MB861|摩托罗拉|1605
U795|中兴|1576
A820L|泛泰|1572
X1|华为|1562
LT25i|索尼|1560
A278t|联想|1546
LT26w|索尼|1520
U705T|OPPO|1503
A798t|联想|1500
S890|联想|1473
E170BS|海信|1459
Galaxy Y|三星|1456
N909|中兴|1419
Galaxy Tab 7.7|三星|1390
Droid Razr maxx|摩托罗拉|1389
A1|纽曼|1385
P700|联想|1338
V967S|中兴|1331
R811|OPPO|1316
MTW20|东信|1314
E988|福日|1313
U5|欧新|1310
Galaxy Ace Dear|三星|1298
Ascend G330D|华为|1291
T328w|HTC|1249
A298t|联想|1249
M9|纽曼|1238
Galaxy mini|三星|1214
Optimus 4X HD|LG|1214
T329t|HTC|1211
A830|雅讯达|1206
Galaxy SII Duo|三星|1202
G8|HTC|1199
Q1|高新奇|1192
A3000|联想|1191
U817|中兴|1178
Galaxy Tab 7.0 Plus |三星|1176
Optimus Vu 2|LG|1164
ST25i|索尼|1155
LT28h|索尼|1153
Xperia J|索尼|1143
A288t|联想|1109
8720|酷派|1103
vivo S7|步步高|1060
W619|天语|1033
I8268|三星|1028
M170AT|海信|1020
N880E|中兴|1020
3G|海信|1010
A800|中兴|1000
MT27i|索尼|1000
P770|联想|998
S36h|索尼爱立信|995
J|HTC|987
K900|联想|978
MB865|摩托罗拉|977
T528t|HTC|961
One X|HTC|952
S880|联想|946
ME525+|摩托罗拉|944
MediaPad|华硕|932
V8|Thl|925
vivo E3|步步高|906
V5|deovo|905
N900S|酷派|901
618|飞利浦|890
A750|联想|888
T619|天语|873
8190|酷派|873
A6|纽曼|867
R801|OPPO|866
U8833|华为|864
T528w|HTC|862
S720|联想|846
G2|佳域|835
GN700W|金立|833
R813T|OPPO|825
Ascend P1|华为|820
ST27i|索尼|803
P970|LG|802
vivo S9|步步高|798
Pad|摩托罗拉|780
N828|夏新|773
Optimus Big|LG|771
G9|HTC|755
MT15i|索尼爱立信|735
大黄蜂Kiss|天语|728
S820|TCL|705
G525|华为|701
N70|原道|698
Desire VC|HTC|697
U793|中兴|690
M1|小米|686
V9|中兴|682
A71|信实|677
ST18i|索尼爱立信|675
i5|琦基|672
5000|诺基亚|670
vivo S1|步步高|662
S899t|联想|662
E15i|索尼爱立信|661
I9050|三星|659
P780|联想|656
I9128V|三星|649
T528d|HTC|647
GN708W|金立|646
810|天语|636
MT11i|索尼爱立信|635
MX|魅族|634
i535|三星|633
E6|诺基亚|630
E100|宏碁|629
U790|中兴|626
W806|海尔|620
荣耀+移动版|华为|620
G3|佳域|615
A590|联想|614
V889D|中兴|610
One S|HTC|605
R807|OPPO|603
G1|佳域|601
M2|小米|601
Grand X Quad|中兴|591
iPhone|苹果|582
S220|飞利浦|579
S920|联想|577
7269|侨兴|576
M1101AT|海信|568
LT15i|索尼爱立信|568
ME172V|华硕|555
Xperia ion|索尼|555
GALAXY SIII Mini|三星|555
A500|联想|552
M1101AS|海信|551
C8825D|华为|551
S200|联想|551
600|诺基亚|550
Optimus Speed|LG|548
U8860|华为|544
V77|振华欧比|543
MB855|摩托罗拉|543
R817|OPPO|540
I997|三星|539
Xperia Play Z1i|索尼爱立信|538
Optimus EX|LG|532
G20|HTC|530
PE89|创维|529
A690|联想|521
S5|联想|520
M919|奥克斯|511
Y310|华为|511
A2|纽曼|509
GN800|金立|508
Optimus L7|LG|506
X2|天珑|503
T310|LG|500
X10i|索尼爱立信|495
A760|摩托罗拉|490
GS888|东信|489
U1|索尼爱立信|486
N821|夏新|482
R805|OPPO|482
S900|TCL|477
GN708T|金立|471
V975|摩托罗拉|469
E5|诺基亚|468
XT615|摩托罗拉|465
Galaxy Style Duos|三星|461
S300|联想|460
g55|琦基|458
Droid|摩托罗拉|457
A3|koobee|456
Smart|摩托罗拉|450
U880|中兴|448
U8|海信|446
V955|中兴|436
WT19i|索尼爱立信|435
T8620|华为|434
A765e|联想|419
H500|中兴|418
S3|桑达|416
P709|联想|415
I600|三星|410
HD|HTO|406
A8|爱国者|406
S6500D|三星|400
D710|朵唯|396
M170AS|海信|394
T6|天语|394
U701|OPPO|391
A820e|联想|389
A60|联想|388
V75|华硕|387
N881F|中兴|387
U970|中兴|383
One XT|HTC|383
U880F1|中兴|383
V970|中兴|382
A660|联想|380
N881E|中兴|380
G6|HTC|376
Galaxy Beam|三星|374
A790e|联想|372
I779|三星|367
7235|酷派|365
ST23i|索尼|365
V89|波导|362
W700|天语|358
U808|亿和源|357
W806+|天语|351
C8650|华为|349
A698t|联想|348
2010|诺基亚|348
T96|海信|346
N1|纽曼|346
M8|纽曼|345
N919|NEC|344
8056|酷派|339
MT25i|索尼|339
A366T|联想|338
小米3|小米|337
A5|长虹|337
GN135|金立|336
X905|OPPO|336
GN100|金立|335
A706|联想|335
A780|联想|334
T3|纽曼|332
W910|海尔|331
U6|天语|329
W8|诺基亚|328
7230|酷派|322
vivo S6|步步高|321
5930|酷派|320
AE710|波导|317
V500|金立|314
LT30p|索尼|314
T327t|HTC|313
S800|TCL|311
p510e|HTC|310
A600e|联想|308
Galaxy SII LTE|三星|308
I617|三星|305
GN180|金立|299
Xperia|索尼爱立信|298
V812|昂达|291
MT917|摩托罗拉|291
G4|HTC|289
U8800|华为|288
5910|酷派|287
8150|酷派|287
EG950|海信|287
N90|原道|286
T329d|HTC|284
Galaxy S Duos|三星|283
E16i|索尼爱立信|280
MT887|摩托罗拉|280
F160|中兴|276
7268|酷派|275
XT928|摩托罗拉|272
N710|优派|271
Optimus 3D|LG|269
T780|天语|267
U8818|华为|265
N5|夏新|265
Galaxy Apollo|三星|262
ME722|摩托罗拉|260
A9|康佳|260
Ascend D1四核|华为|258
Xperia SP|索尼|257
XT535|摩托罗拉|254
8060|酷派|252
T10|纽曼|252
V811|昂达|251
T818|天时达|248
Galaxy Y Duos|三星|247
G15|HTC|247
SH530U|夏普|243
X903|OPPO|243
Optimus 4G LTE|LG|242
U701T|OPPO|240
7019|酷派|240
Q8|金立|239
8020|酷派|239
XT788|摩托罗拉|238
W7|诺基亚|238
Q|摩托罗拉|238
MT788|摩托罗拉|236
S4|泛泰|231
A65|联想|230
U880E|中兴|229
Q7|康佳|229
A10|华硕|229
A520|联想|228
N820|夏新|228
infinity|三星|228
I5801|三星|226
A310e|HTC|224
S710e|HTC|222
V926|奥克斯|222
A66|koobee|222
I8258|三星|221
S720i|联想|219
S696|联想|216
K100|koobee|214
W999|三星|211
ST21i|索尼|207
7260|酷派|205
vivo S12|步步高|204
V985|中兴|202
A7|海尔|201
S600|萨米|201
A4|齐乐|200
T760|天语|198
Milestone 3|摩托罗拉|198
E708|TCL|198
E900|康佳|198
GN305|金立|197
Xperia VC|索尼爱立信|196
E920|金鹏|196
X515E|HTC|194
V3|欧信|192
N880G|中兴|192
V880|琦基|192
Galaxy mini 2|三星|191
G9000|三巨网|189
A18|中兴|188
U8850|华为|188
V818|唯科|187
vivo V2|步步高|183
i8|金立|182
ST15i|索尼爱立信|182
T580|天语|181
G22|HTC|181
W711|酷派|181
Galaxy Pocket|三星|180
W808|天语|180
G19|HTC|180
7290|酷派|180
V12|Thl|179
I5508|三星|178
W990|康佳|177
Ascend D1|华为|177
P80w|先锋|177
VI30|昂达|177
i710|步步高|176
8730|酷派|175
vivo V1|步步高|174
vivo E1|步步高|174
T8830|华为|172
Galaxy Fit|三星|172
E612|LG|170
MT870|摩托罗拉|170
X6|欧盛|169
W719|天语|169
V980|万事通|168
G50|松下|168
P940|LG|168
W760|天语|167
XT681|摩托罗拉|167
7266|酷派|166
Q3|万利达|166
W6|Thl|166
T500|宏碁|165
5870|酷派|164
i7|中兴|163
E860|海信|162
5876|酷派|162
XT885|摩托罗拉|160
E7|诺基亚|160
T329w|HTC|159
XT316|摩托罗拉|158
XT882|摩托罗拉|158
V801S|三洋|157
7020|酷派|157
Rezound|HTC|157
One V|HTC|155
U9|欧博信|155
U7|欧新|155
W900|康佳|154
A100|首派|154
T7|纽曼|152
Q101|VOYO|150
8022|酷派|149
Blade III Pro|中兴|149
vivo S6T|步步高|149
W1|Thl|148
N101|原道|148
C8650+|华为|147
MyTouch 4G|HTC|147
I8250|三星|146
U880s|中兴|145
V88|振华欧比|144
P810|埃立特|144
V6|天语|142
S7566|三星|142
G70|松下|141
T2|百分百|140
i3|琦基|139
G2000|GT佳通|139
V7|Thl|138
S686|联想|138
i50|koobee|137
D500|亿通|137
S500|TCL|136
T703|OPPO|135
S90|长虹|135
T959V|三星|135
T1|天时达|135
T989|三星|134
V11|中兴|134
M16|纽曼|134
GN868|金立|133
n9|诺基亚|133
D520|酷派|133
T5|汇讯|133
i9|中兴|132
T900|亿通|132
E780|天语|131
Y210|华为|131
GN105|金立|130
W706+|酷派|130
N880F|中兴|130
U3|欧新|130
S5820|三星|129
V70|华硕|129
P76Ti|台电|129
T800|亿通|129
A710e|联想|129
M70|TCL|129
W170BS|海信|128
G16|HTC|128
XOOM|摩托罗拉|128
N855D|中兴|127
GN106|金立|127
S100|宏碁|127
5216|酷派|126
D2|朵唯|124
U880s2|中兴|123
M808|长虹|123
L18|金立|122
V788D|中兴|122
E910|海信|122
Q9|科利莱|121
E616|联想|121
EG906|海信|120
V801|昂达|120
A300|联想|118
E806|天语|118
E619|天语|118
S680|创维|117
V971|昂达|117
Q5|爱我|116
SK17i|索尼爱立信|116
U8510|华为|116
M6|纽曼|115
D700|朵唯|115
U8661|华为|115
E80w|先锋|115
P3|索尼爱立信|115
W960|康佳|114
S5368|三星|114
W656|天语|114
ZP900|卓普|113
T60|华硕|112
Vi20W|昂达|112
9120|酷派|112
A586|联想|112
5832|酷派|111
XT390|摩托罗拉|111
XT320|摩托罗拉|111
C8500|华为|110
One XC|HTC|110
N807|夏新|109
T28|中讯天创|109
T550|koobee|108
D28|纽曼|108
A365e|联想|107
D1|数源|107
710|佳通|107
GN160T|金立|107
Optimus One|LG|106
P601|首信|106
N760|波导|106
A11|台电|105
Galaxy Mega 6.3|三星|105
F1|纽曼|105
S588|CECT|104
8180|酷派|104
I6|盛泰|104
N2|纽曼|104
S18|索尼爱立信|103
P908|索尼爱立信|103
P768|联想|102
A15|金立|102
SH930W|夏普|101
A510|夏新|101
S850e|联想|101
N983|中兴|100
3GW100|联想|100
E830|海信|99
7000|邦华|98
XT701|摩托罗拉|98
Optimus Sol|LG|98
U8680|华为|98
M99|齐乐|98
Galaxy SII Skyrocket|三星|97
B9388|三星|96
M5|纽曼|96
Venue|戴尔|96
W800|波导|96
SH631W|夏普|96
9300|黑莓|96
C117|海信|95
F9|夏新|95
XT502|摩托罗拉|95
S6102E|三星|94
e88|熊猫|94
F7|海尔|94
W650|天语|93
GN205|金立|92
U880F|中兴|92
Z5|奥克斯|91
800|振华欧比|91
W5|Thl|91
XT550|摩托罗拉|90
X9|天语|90
T100|VEVA|89
G5|HTC|88
S850|华录|88
H6|欧信|86
A610D|HTC|86
XT800+|摩托罗拉|86
摩托罗拉ATRIX HD|摩托罗拉|86
K7|纽曼|86
K5|koobee|86
A900|中兴|85
B9062|三星|85
vivo Y1|步步高|85
S510|HTC|85
Optimus L3|LG|85
T929|三星|84
W600|琦基|84
T830|亿通|84
T92|海信|83
W780|天语|83
Z8|奥克斯|82
Ascend P1 XL|华为|82
GN168T|金立|82
W713|酷派|82
E820|创维|82
5860|酷派|80
N970|中兴|80
F8|纽曼|80
T8300|华为|80
A76|康佳|80
S10|中恒|79
C3|诺基亚|79
V60|琦基|79
D7|朵唯|79
W109|三星|79
A1680|摩托罗拉|79
W899|三星|79
A720|联想|79
D3|朵唯|78
T910|OKWAP|78
6600|汉泰|78
D210T|朵唯|78
W689|三星|77
Fascinate|三星|77
D9|朵唯|77
K3|koobee|76
N98|金立|75
N808|夏新|75
E5680|康佳|75
H8|纽曼|74
Optimus 2X|LG|74
A668t|联想|74
G28|TCL|74
W970|康佳|73
A700|友利通|73
F5|波导|73
W13pro|蓝魔|72
A326|联想|72
N91|诺基亚|72
W3|Thl|72
300|诺基亚|72
E700|LG|72
A360|联想|71
V20|金立|71
Galaxy Y P0P|三星|70
V73|海尔|70
Me|中兴|70
U980|中兴|70
U802|中兴|69
T9|纽曼|69
W9|索尼爱立信|68
T8600|华为|68
MOMO8|普耐尔|68
N788|中兴|68
EG958|东信|68
GALAXY Proclaim|三星|67
Spark|HTC|67
5210|酷派|67
w939|TCL|67
S8600|华为|66
T909|海信|66
A80|首派|66
D8|夏新|66
A919|TCL|65
D800|中兴|65
Optimus G2x|LG|65
N790|中兴|65
XT300|摩托罗拉|64
H1|纽曼|64
Z530|索尼爱立信|64
EG909|海信|64
EG900|东信|64
V18|金立|63
C600|金立|63
M10|纽曼|63
7011|酷派|63
GN868H|金立|63
A200|联想|63
Galaxy Xcover|三星|62
XT531|摩托罗拉|62
T8|南极星|62
E688|天语|61
T108|飞思特|61
G500C|华为|61
E72|明基西门子|61
Singa|三星|61
V960|奥克斯|60
V981|万事通|60
S960|天语|60
GN777|金立|60
701|诺基亚|60
Galaxy Neo|三星|59
C8810|华为|59
E956|海信|59
N880S|中兴|59
K2|联想|59
Z1|长虹|58
A770|兆讯达|58
Nubia Z5|中兴|58
E800|天语|58
X158|大显|57
V10|波导|57
F16|奥盛|57
201|诺基亚|57
T81|海信|56
Z6|金立|56
W200|索尼爱立信|56
W688|天语|56
i1|摩托罗拉|56
N77|天语|56
9100|酷派|56
V920|奥克斯|56
N10|纽曼|56
T820|亿通|56
8810|酷派|56
天玺|HTC|56
H9|夏新|55
818|振华欧比|55
A320e|HTC|55
5211|酷派|55
G2S|佳域|55
A78|信实|55
5820|酷派|54
XT800|摩托罗拉|54
T860|创维|54
W706|酷派|54
S750|首信|54
A608|华为|54
A530|联想|53
A96|中兴|53
9900|酷派|53
T15|纽曼|53
V930|奥克斯|53
A501|OKWAP|52
A88|爱国者|52
G10|HTC|52
E621|天语|52
A380|长虹|52
E70|koobee|52
D510|亿通|52
Optimus Me|LG|52
N6|天珑|51
E96|七喜|51
S86|金立|51
W718|海尔|51
F4|大显|51
V790|中兴|51
N930|酷派|50
D50|酷派|50
A718|科健|50
Ascend X|华为|49
T600|七喜|49
W168|盛泰|49
9150|I-mate|49
V793|南方高科|49
P5|索尼爱立信|49
S757|天语|49
SH630E|夏普|48
C610|金立|48
828|托普|48
i618|晨兴|48
XT760|摩托罗拉|47
S868|埃立特|47
T710|亿通|47
i800|联想|47
B9120|三星|46
D900|飞利浦|46
G12|HTC|46
800c|爱国者|46
828A|宏康|44
XT912|摩托罗拉|44
GN360|金立|44
T720|亿通|44
K8|中恒|44
E350|海信|43
Optimus Glare|LG|43
MT680|摩托罗拉|43
Vi30W|昂达|43
T101|汇讯|43
E9|托普|43
8088|佳通|43
C800|海信|43
W710|天语|43
D888|创维|43
N60|koobee|43
5855|酷派|42
XT319|摩托罗拉|42
Xperia Pro|索尼爱立信|42
Nexus 4|LG|42
T200|TCL|42
D600|朵唯|42
TD800|联想|42
C8500S|华为|42
N78|诺基亚|42
V360|振华欧比|41
U8650|华为|41
J300|索尼爱立信|41
5880|酷派|41
C8655|华为|40
903|诺基亚|40
A668|夏新|40
VS920|LG|40
N100|NEC|40
U885|中兴|40
I760|三星|40
P606|亿通|40
AT200|东芝|40
F6|夏新|40
T810|CECT|40
D08|酷派|40
D300|朵唯|39
U960|LG|39
双擎 S|HTC|39
E239|酷派|39
A600|友利通|39
TD500|金立|38
A16|康佳|38
Galaxy Pop Plus|三星|38
E86|海信|38
5110|酷派|38
W22pro|蓝魔|38
7270|诺基亚|38
T8100|华为|37
ZP100|卓普|36
Z10|摩托罗拉|36
T586|CECT|36
V99|康佳|36
E69|七喜|36
A939|天语|36
D118|纽曼|35
U830|中兴|35
D530|酷派|35
V839|唯科|34
9960|酷派|34
N89|夏新|34
Galaxy Ace DUOS|三星|34
518|亿通|34
D90|天语|34
Skate|中兴|34
5100|汉泰|34
T868|创维|34
S88|明基|34
GN380|金立|34
A390e|联想|34
VB100a|优派|34
M76|七喜|34
D668|桑达|33
N800|嘉源|33
GN100T|金立|33
A700e|联想|33
H16|高新奇|32
S810|TCL|32
L5|亿通|32
A68e|联想|32
Q6|长虹|32
W300|VEVA|32
M33|埃立特|32
W732|飞利浦|32
F2|纽曼|32
I700|波导|32
3188|汉泰|32
M60|爱国者|32
M11|纽曼|31
V100|唯科|31
Galaxy 3|三星|31
W680|天语|30
V19|金立|30
T898|CECT|30
W99|索尼爱立信|30
F15|OPPO|30
M17|亿通|30
U20i|索尼爱立信|30
i60|koobee|30
E87|海信|30
T700|亿通|30
E10i|索尼爱立信|30
N780|中兴|30
E58|波导|30
Z800|索尼爱立信|30
V300|唯科|30
A50|华硕|29
U608|三星|29
C700|金立|29
E950|三星|29
W2|Thl|29
C8800|华为|29
U8500|LG|29
ST17i|索尼爱立信|29
A806|华晶|29
GN320|金立|29
T80|海信|28
W686|天语|28
U818|亿和源|28
N700|中兴|28
H5018|长虹|28
P300|埃立特|28
GN109|金立|28
D5|朵唯|28
830|多普达|28
N620|NEC|28
i888|GT佳通|28
M02|波导|28
I339|三星|28
A966|TCL|28
MB520|摩托罗拉|28
V901|优派|28
7295|酷派|28
W626|飞利浦|28
N960|中兴|28
100|托普|27
R500|三星|27
L9|欧信|27
L300|三星|27
A998|TCL|27
A330|联想|27
F18|奥盛|27
C8600|华为|27
W30|蓝魔|27
i818|TCL|27
A55|爱国者|26
103|Velocity|26
A670|夏新|26
H2|欧信|26
A66t|联想|26
A86|中兴|26
5010|酷派|26
i55|联想|26
HD3|HTC|26
XT532|摩托罗拉|26
V90|唯科|26
A19|康佳|26
E818|七喜|26
K9|纽曼|26
A109|koobee|26
A110|CECT|26
GN210|金立|26
A902|天语|25
5899|酷派|25
A91|koobee|25
C995|TCL|25
X901|大显|25
V6700|中兴|25
G1000|万事通|25
i9250|三星|25
SH8188U|夏普|25
P1|泛泰|25
A908|天语|24
U812|中兴|24
U8800+|华为|24
A508|中天|24
I200|三星|24
N3|埃立特|24
E2|LG|24
T11|金立|24
V98|天语|24
D770|朵唯|24
E810|联想|24
SH8298U|夏普|24
S520|朵唯|24
N505|明泰|23
9930|酷派|23
MT620|摩托罗拉|23
N600+|中兴|23
W12|波导|23
A350|LG|23
T70|GT佳通|23
MT810|摩托罗拉|23
D539|酷派|23
E80|波导|23
VS660|LG|23
Ascend G302D|华为|23
N72|兆讯达|23
A209|koobee|23
T88|高新奇|22
T85|海信|22
T610|酷派|22
C620|中兴|22
W10|格莱特|22
A988|TCL|22
A990|TCL|22
U788|中兴|22
ME501|摩托罗拉|22
V900|奥克斯|22
G9200|GT佳通|22
958|金立|22
A701|神达|22
8800|深爱|22
T650|创维|22
A106|koobee|22
A208|夏新|22
Z9|奥克斯|21
9500|侨兴|21
N707|明泰|21
3GC101|联想|21
U98|欧新|21
A90|夏新|21
T300|LG|21
Optimus Net|LG|21
VK100|唯开|21
F800|波导|21
S80|金立|21
P800|联想|21
T19|TCL|21
G26|UT斯达康|21
A728|摩托罗拉|21
P9|振华欧比|21
W520|Voxtel|20
I900|三星|20
K666|万利达|20
V55|华硕|20
Galaxy Chat|三星|20
W635|飞利浦|20
X800|飞利浦|20
AT330|东芝|20
C908|中兴|20
M100|金立|19
V16|南方高科|19
W832|飞利浦|19
U805|中兴|19
S901|康佳|19
Z500|三星|19
N850|NEC|19
8870|酷派|19
M300|德赛|19
5230|诺基亚|19
Q11|摩托罗拉|19
T98|中兴|19
F106|中兴|19
700|诺基亚|19
B508|三星|19
W708|酷派|19
8S|HTC|19
A101|首派|19
V200|金立|19
ME632|摩托罗拉|18
N880|中兴|18
S308|波导|18
C5|邦华|18
LS900|大显|18
616|CECT|18
X900|倚天|18
I519|三星|18
i88|GT佳通|18
F3|大唐|18
XT720|摩托罗拉|18
U990|中兴|18
XT925|摩托罗拉|18
i950|联想|17
L3|亿通|17
L301|康佳|17
N600|中兴|17
N612|天语|17
Blade C|中兴|17
200|诺基亚|17
3000|诺基亚|17
H600|纽曼|17
A996|TCL|17
K12|步步高|17
M700|创维|17
I9800|三星|17
S990|天语|17
P9100|CECT|17
K6|koobee|17
U10|索尼爱立信|17
WT18i|索尼爱立信|16
A680|金立|16
D100|欧信|16
M20|高新奇|16
210|托普|16
iPad|苹果|16
900|诺基亚|16
P900|振华欧比|16
E8|诺基亚|16
520|汉泰|16
F518|波导|16
K10|纽曼|16
E71|明基|16
Z350|索尼爱立信|16
S168|波导|16
F88|恒基伟业|16
W830|三星|16
M71|爱国者|16
M88|熊猫|16
A58|明基西门子|15
W632|飞利浦|15
i30|联想|15
M15|亿通|15
A70|首派|15
S108|三星|15
D3000|佳通|15
T8808D|华为|15
i658|中兴|15
D706|波导|15
P698|LG|15
E888|三星|15
L100|恒基伟业|15
7005|酷派|15
P706|联想|15
E68|波导|15
GN170|金立|15
x11|索尼爱立信|15
P98|台电|15
i816|联想|15
S828|朵唯|15
N860|中兴|14
S306|波导|14
V988|天语|14
D6|唯开|14
Q10|天语|14
V1000|海尔|14
M310|三星|14
V718|唯科|14
X920|中兴|14
188|桑达|14
Spica|三星|14
G205|康佳|14
U788+|中兴|14
S710|TCL|14
U890|LG|14
T100C|众一|14
SH8118U|夏普|14
TD200|金立|14
Z801|华硕|14
W500|VEVA|14
Optimus Chic|LG|14
M73|七喜|14
C88|波导|14
D23|酷派|14
V350|优派|14
A901|天语|13
Galaxy S Glide|三星|13
V990|万事通|13
E15|大唐|13
T618|索尼爱立信|13
M19|亿通|13
C6|诺基亚|13
N88|夏新|13
N606|明泰|13
C500|金立|13
U8120|华为|13
T66|UT斯达康|13
U69|海尔|13
V666|金立|13
HD7|HTC|13
A968|TCL|13
A818|COOL|13
A710|联想|13
A828|托普|13
E905|波导|13
D18|酷派|13
t520|华为|13
U860|中兴|12
G100|中兴|12
A865|夏新|12
G920|HKC|12
Thunderbolt|HTC|12
C9|CCPO|12
808|金鹏|12
S760|联想|12
T8500|华为|12
V888|唯科|12
N916|酷派|12
P355|LG|12
S700|联想|12
S68|夏新|12
A555|摩托罗拉|12
v800|索尼爱立信|12
ZP200|卓普|12
D10|中恒|12
A906|TCL|11
A905|天语|11
K800|联想|11
M56|德赛|11
166|CECT|11
A528|亿通|11
N80|原道|11
N83|三巨网|11
M900|三星|11
VB70|优派|11
858|侨兴|11
ME511|摩托罗拉|11
A31|西门子|11
X4|索尼爱立信|11
V80|托普|11
SH8158U|夏普|11
G998|格莱特|11
P707|联想|11
G30|佳通|11
Q68|奥克斯|11
XT389|摩托罗拉|11
MX2|魅族|11
D166|康佳|11
F520|三星|11
I716|联想|11
V630|海尔|11
A62|西门子|11
Z130|三星|11
N79|兆讯达|11
Q98|首信|10
X600|飞利浦|10
E11|摩托罗拉|10
E201|金立|10
Vivid|HTC|10
801|诺基亚|10
S5288|创维|10
999|COOL|10
Gphone|技嘉|10
Exhibit II 4G|三星|10
AQUA|HTC|10
D8000|大显|10
Galaxy 5|三星|10
A810|中兴|10
V908|琦基|10
P68|振华欧比|10
K201|步步高|10
588|亿通|10
N62|koobee|10
S60|桑达|10
G168|长虹|10
P110|三星|10
L7|金立|9
168|侨兴|9
V690|摩托罗拉|9
W820|飞利浦|9
S006|众一|9
V78|海尔|9
A1000|联想|9
F19|OPPO|9
T8288|多普达|9
E689|东信|9
E999|德赛|9
i628|步步高|9
A618|华为|9
W606|天语|9
W736|飞利浦|9
T806|创维|9
D768|波导|9
A06|康佳|9
706|汉泰|9
C909|康佳|9
6622|埃立特|9
C868|亿城|9
N66|酷派|9
L68|康佳|9
N73|南极星|9
V768|唯科|9
I6500U|三星|9
E1107|三星|8
A909|TCL|8
Bee|摩托罗拉|8
A30t|联想|8
N500|NEC|8
GN200|金立|8
Stealth|O2|8
X850|中兴|8
A6390|HTC|8
A890|TCL|8
E760|天语|8
E300|海信|8
H3|海尔|8
X500|诺基亚|8
E310|三星|8
N92|酷派|8
W969|TCL|8
A98|天时达|8
V887|中兴|8
V50|CECT|8
9000|佳通|8
E880|中兴|8
T750|亿通|8
N630|NEC|8
Alpha|摩托罗拉|8
E92|koobee|8
T103|汇讯|8
M886|华为|8
A30|金立|8
E500|金立|8
i508|步步高|8
W930|飞利浦|8
E79|海信|8
F500|中兴|8
S188|托普|8
MB611|摩托罗拉|8
J210|索尼爱立信|8
T35|海信|8
V007|唯开|8
V003|七喜|8
C900|LG|8
G968|格莱特|8
A108|BellWave|8
E650|天语|8
T539|飞利浦|8
B2|纽曼|8
S500a|萨米|7
A903|天语|7
V961|中兴|7
Q99|托普|7
MB220|摩托罗拉|7
8700|深爱|7
X501|诺基亚|7
U96|友信达|7
A9900|友利通|7
EVO Design 4G|HTC|7
A9800|友利通|7
C18|奥克斯|7
N80W|海尔|7
V918|天语|7
P710|联想|7
W860|天语|7
E89|海信|7
VB97|优派|7
M518|亿通|7
Y220T|华为|7
t26|金立|7
EA6900|三美琦|7
C905|索尼爱立信|7
XT301|摩托罗拉|7
A210|松下|7
W880|海尔|7
V806|联想|7
E739|LG|7
7088|邦华|7
K818|索尼爱立信|7
SH8268U|夏普|6
A51|夏新|6
U320|夏新|6
U868|UT斯达康|6
G750|首信|6
L8|亿通|6
R720|三星|6
ET919|海信|6
U810|中兴|6
M801|奥克斯|6
S16|欧信|6
7200|诺基亚|6
M830|奥克斯|6
X90|天语|6
I668|托普|6
R3|万事通|6
D95|海信|6
F668|酷派|6
S20|权智|6
A8+|万事通|6
C188|三星|6
P693|LG|6
M01|波导|6
I6C|琦基|6
A368|联想|6
609|振华欧比|6
W721|酷派|6
MB508|摩托罗拉|6
i988|GT佳通|6
S8520|华为|6
E990|波导|6
S70|VEVA|6
868|托普|6
888|都宝|6
V86|CECT|6
T18|天时达|6
Q508|侨兴|6
875|奥克斯|6
A809|三星|6
L600|金立|6
V928|华禹|6
T809|新邮通|6
F530|福日|6
U528|华为|6
E668|亿通|6
Z808|托普|6
XT500|摩托罗拉|6
MS910|LG|6
M78|纽曼|6
A116|OKWAP|6
SC16|创维|6
C100|海信|6
T638|天时达|6
1188|邦华|6
721|侨兴|6
MB300|摩托罗拉|5
N88W|海尔|5
F7100|百分百|5
L19|欧信|5
A2000|恒基伟业|5
X60|UT斯达康|5
6688|汉泰|5
F600|酷派|5
N86|海尔|5
K868|创维|5
K97|纽曼|5
Galaxy Mega 5.8|三星|5
GN103|金立|5
D80|夏新|5
A92|koobee|5
U8110|华为|5
Galaxy Y Pro|三星|5
838|CECT|5
i880|TCL|5
500|诺基亚|5
W580|索尼爱立信|5
Stratosphere|三星|5
C990|TCL|5
C208|天语|5
S139|三星|5
M532|德赛|5
E91|koobee|5
U8651|华为|5
XT626|摩托罗拉|5
XT711|摩托罗拉|5
S400|萨米|5
EG680|东信|5
E603|夏新|5
760|飞利浦|5
766|振华欧比|5
SH8128U|夏普|5
I510|三星|5
E60|波导|5
MX3|魅族|5
A75|西门子|5
G958|格莱特|5
T528|创维|5
V005|长虹|5
N200|NEC|5
3088|邦华|5
A103|OPPO|5
i928|晨兴|5
T535|创维|5
T759|三星|5
L60|康佳|5
Optimus pro|LG|5
W188|波导|4
S818|朵唯|4
N59|海信|4
SH320T|夏普|4
SH8168U|夏普|4
V760|中兴|4
3688|汉泰|4
P868|中宝|4
E568|三星|4
T55|托普|4
M35|纽曼|4
TD10|联想|4
X876|中兴|4
1018|金鹏|4
M22|亿通|4
M820|艾美讯|4
W810|LG|4
Galaxy Exhilarate|三星|4
A95|koobee|4
E899|海尔|4
L128|长虹|4
1000|诺基亚|4
W770|酷派|4
XT865|摩托罗拉|4
789|振华欧比|4
S50|酷派|4
S58|夏新|4
G66|天珑|4
VK200|唯开|4
908|奥乐|4
G690|格莱特|4
Z400|三星|4
VS910|LG|4
U8655|华为|4
L006|宝捷讯|4
T09|中讯天创|4
P802|索尼爱立信|4
V870|夏新|4
T660|天语|4
V909|koobee|4
P60|联想|4
P818|中宝|4
009|天时达|4
U8520|华为|4
Optimus Q|LG|4
V852|中兴|4
S3500|三星|4
P88|台电|4
P85|联想|4
W629|三星|4
W628|天语|4
V002|七喜|4
A220|友利通|4
702|联创|4
A10T|台电|4
P8|纽曼|4
X950|中兴|4
N6E|海尔|4
M72|TCL|4
350|飞利浦|4
A930|天语|4
P520|LG|4
M66|夏新|4
M860|华为|4
Q800|波导|3
S320|联想|3
Z3|摩托罗拉|3
H18|创维|3
E210|宏碁|3
M920|三星|3
T2222|多普达|3
Q86|创维|3
N718|NEC|3
M80D|爱国者|3
L158|长虹|3
Z510|三星|3
M18|长虹|3
XT894|摩托罗拉|3
U806|中兴|3
F908|中兴|3
V66|中兴|3
535|多普达|3
X610|倚天|3
N720|NEC|3
I847|三星|3
U8100|华为|3
X1000|大显|3
ZJH006|知己|3
E320|宏碁|3
E898|三星|3
C1000|CECT|3
A89|中兴|3
C189|海信|3
G72|中兴|3
501|UBiQUiO|3
S57|西门子|3
H90|亿和源|3
845|华为|3
N710E|海尔|3
F99|夏新|3
X200|诺基亚|3
2000|中天|3
D720|朵唯|3
850|奥乐|3
V919|唯科|3
747|CECT|3
U8652|华为|3
T109|汇讯|3
P50|联想|3
B900|三星|3
A1260|摩托罗拉|3
S701|波导|3
S568|托普|3
G502|GT佳通|3
A612|天语|3
V700|金立|3
M500|倚天|3
668|大显|3
N950|酷派|3
GALAXY Pop|三星|3
TD99|蓝天|3
S89|科诺|3
V118|振华欧比|3
P703|振华欧比|3
i358|步步高|3
V600|金立|3
E598|三星|3
Q70|南方高科|3
A702|神达|3
A120|波导|3
S1200|技嘉|3
P7200|LG|3
A08|唯科|3
P726|中宝|3
N16|酷派|3
Galaxy Precedent|三星|3
Black|Gresso|3
A105|OPPO|3
A102|夏新|3
8811|酷派|3
1208|诺基亚|3
U8220|华为|3
N6W|海尔|3
E1117|三星|3
9088|邦华|3
E918|三星|3
Q600|中天|3
M80|爱国者|3
W989|TCL|3
M865|奥克斯|3
Eris|HTC|2
G903|高斯贝尔|2
M008|波导|2
G758|格莱特|2
T518|中兴|2
V368|唯科|2
VB736|优派|2
VB733|优派|2
SH330T|夏普|2
JOY|LG|2
SNAP|HTC|2
X810|飞利浦|2
P505|华硕|2
V510|高斯贝尔|2
G618|三星|2
WT100|东芝|2
U8180|华为|2
U600|中兴|2
T878|CECT|2
9988|CECT|2
M800|三菱|2
S19|奥克斯|2
G118|琦基|2
M600|金立|2
V430|优派|2
I858|三星|2
806|天语|2
N8T|海尔|2
U8350|华为|2
M838|德赛|2
i18|步步高|2
X70|中兴|2
Nexus S|谷歌|2
S280|南方高科|2
G705|索尼爱立信|2
V72|海尔|2
N93|海尔|2
S30|金立|2
E140|宏碁|2
Ace|诺基亚|2
Optimus Chat|LG|2
i300|技嘉|2
T55A|万利达|2
Viper|LG|2
U88|金立|2
M12|纽曼|2
S110|三星|2
Galaxy S Aviator|三星|2
IS04|东芝|2
M200|三星|2
E550|七喜|2
R750|中兴|2
T68|海信|2
D805|多普达|2
P910|索尼爱立信|2
SX1|中恒|2
2600|信实|2
T209|华为|2
N8|纽曼|2
3100|诺基亚|2
9800|黑莓|2
S558|托普|2
XT806|摩托罗拉|2
V288|至高|2
E95|koobee|2
E998|埃立特|2
M950|三星|2
B7510|三星|2
P801|首信|2
V708|波导|2
N96|金立|2
P716|振华欧比|2
A816|GT佳通|2
K500|万利达|2
H700|纽曼|2
E600|华硕|2
E602|联想|2
SH8288U|夏普|2
Lexicon|HTC|2
D358|德赛|2
F501|波导|2
S988|天语|2
S980|天语|2
K202|步步高|2
7100S|诺基亚|2
P80|亿通|2
N720E|海尔|2
B78|科诺|2
C308|大显|2
V626|唯科|2
V008|康佳|2
703|诺基亚|2
N900+|酷派|2
E710|三星|2
N18|金立|2
U1i|索尼爱立信|2
6620|诺基亚|2
D633|飞利浦|2
W1000|HKC|2
E120|宏碁|2
D366|康佳|2
7500|酷派|2
B608|桑达|2
V809|唯科|2
A67|海尔|2
D20|纽曼|2
V33|南方高科|2
720|佳通|2
M730|天语|2
C2000|七喜|1
T89|海信|1
A52|koobee|1
W9000|三星|1
6200|诺基亚|1
C110|OKWAP|1
6800|诺基亚|1
558|亿通|1
VK700|唯开|1
L6|亿通|1
L2|亿通|1
VB737|优派|1
VB735|优派|1
688|桑达|1
M816|奥克斯|1
XT317|摩托罗拉|1
A916|TCL|1
K70|中兴|1
A868|桑达|1
Phoenix|LG|1
E200|酷派|1
G90|中兴|1
G99|首信|1
I910|三星|1
QD|诺基亚|1
M750|三菱|1
i58|GT佳通|1
U8185|华为|1
8028|酷派|1
D200|康佳|1
V69|波导|1
C8|诺基亚|1
X80|海尔|1
A320|OKWAP|1
Elite|HTC|1
E788|雅讯达|1
M760|三菱|1
V68|唯科|1
EZ399|东信|1
Ally|LG|1
S288|金鹏|1
MT716|摩托罗拉|1
MPX|摩托罗拉|1
TB100|LG|1
S002|天语|1
W550|索尼爱立信|1
U900|中兴|1
P303|振华欧比|1
I908E|金鹏|1
X508|三星|1
C960|LG|1
C968|康佳|1
A8188|多普达|1
L218|亿和源|1
L138|亿通|1
P18|纽曼|1
A6000|恒基伟业|1
M25|亿通|1
6500|齐乐|1
I688|托普|1
F320|夏新|1
M910|三星|1
S106|亿通|1
S580|创维|1
D108|三星|1
S31|邦华|1
Flame|诺基亚|1
DROID Incredible 4G|HTC|1
938|奥乐|1
Galaxy SII Skyrocket HD|三星|1
I307|联想|1
E890|波导|1
U8730|华为|1
Lead|HTC|1
515|汉泰|1
626|中天|1
j18|埃立特|1
U85|中兴|1
F550|福日|1
928|奥丁|1
S26|欧信|1
IS05|夏普|1
IS06|泛泰|1
i70|中兴|1
A519|CCPO|1
H80|金立|1
702T|诺基亚|1
B920|天语|1
C8550|华为|1
Transform Ultra|三星|1
Z101|OPPO|1
X720|大显|1
DV10|波导|1
Aero|戴尔|1
W920|飞利浦|1
V658|联想|1
Flash|戴尔|1
P51|OPPO|1
T939|三星|1
Mars1|青橙|1
759|飞利浦|1
V9815|中兴|1
R750+|中兴|1
Z13|七喜|1
M898|德赛|1
U68|欧博信|1
K888|盛泰|1
Knight|HTC|1
C568|波导|1
Galaxy Attain 4G|三星|1
I5C|琦基|1
X505|唯奥|1
EG6188|创维|1
G1315|技嘉|1
6070|诺基亚|1
V711|振华欧比|1
C520|三星|1
T698|创维|1
M888|德赛|1
M959|奥克斯|1
I750|联想|1
H716|现代|1
A37|中兴|1
S98|U9|1
G680|UT斯达康|1
777|中天|1
1688|邦华|1
F681|OKWAP|1
310|唯奥|1
T13|天时达|1
S66|酷派|1
2330C|诺基亚|1
K11|万利达|1
K15|万利达|1
960|飞利浦|1
7700|诺基亚|1
A28|乐讯|1
890|奥乐|1
V91|中兴|1
898|都宝|1
V9+|中兴|1
E606|夏新|1
G301|波导|1
E78|夏新|1
P7+|纽曼|1
AV200|友利通|1
G908|高斯贝尔|1
A115|OKWAP|1
A117|OKWAP|1
Atom|O2|1
U8951|华为|1
X450|三星|1
MB612|摩托罗拉|1
L36|金立|1
D5800|酷派|1
M709|三星|1
A9199|多普达|1
Triumph|摩托罗拉|1
A01|CECT|1
SH7238M|夏普|1
S7180|至高|1
M280|奥克斯|1
G788|格莱特|1
7250|诺基亚|1
X100|唯开|1
Zeal|诺基亚|1
F81|友利通|1
N750|NEC|1
MT810LX|摩托罗拉|1
C901|波导|1
C902|索尼爱立信|1
U8230|华为|1
M718|七喜|1
H6000|华立|1
658|华禹|1
C8500SR|华为|1
P680|联想|1
U8832D|华为|1
128|托普|1
V633|唯科|1
VK500|唯开|1
I920|三星|1
CHT8000|华为|1
E230|酷派|1
Z320|索尼爱立信|1
I8800|VOTO|1
8100|黑莓|1
K828|振华欧比|1
M92|绿力|1
G800|联想|1
Titan|摩托罗拉|1
I728|三星|1
S530|金立|1
E30|海尔|1
Galaxy Indulge|三星|1
i801|GT佳通|1
F80|友利通|1
